{
    "data": {
        "attributes": {
            "creation_date": 1504187802,
            "first_submission_date": 1508290231,
            "last_analysis_date": 1607585458,
            "last_analysis_results": {
                "ALYac": {
                    "category": "undetected",
                    "engine_name": "ALYac",
                    "engine_update": "20201210",
                    "engine_version": "1.1.1.5",
                    "method": "blacklist",
                    "result": null
                },
                "APEX": {
                    "category": "type-unsupported",
                    "engine_name": "APEX",
                    "engine_update": "20201210",
                    "engine_version": "6.107",
                    "method": "blacklist",
                    "result": null
                },
                "AVG": {
                    "category": "undetected",
                    "engine_name": "AVG",
                    "engine_update": "20201209",
                    "engine_version": "21.1.5827.0",
                    "method": "blacklist",
                    "result": null
                },
                "Acronis": {
                    "category": "undetected",
                    "engine_name": "Acronis",
                    "engine_update": "20201023",
                    "engine_version": "1.1.1.80",
                    "method": "blacklist",
                    "result": null
                },
                "Ad-Aware": {
                    "category": "undetected",
                    "engine_name": "Ad-Aware",
                    "engine_update": "20201210",
                    "engine_version": "3.0.16.117",
                    "method": "blacklist",
                    "result": null
                },
                "AegisLab": {
                    "category": "undetected",
                    "engine_name": "AegisLab",
                    "engine_update": "20201210",
                    "engine_version": "4.2",
                    "method": "blacklist",
                    "result": null
                },
                "AhnLab-V3": {
                    "category": "undetected",
                    "engine_name": "AhnLab-V3",
                    "engine_update": "20201210",
                    "engine_version": "3.19.3.10105",
                    "method": "blacklist",
                    "result": null
                },
                "Alibaba": {
                    "category": "type-unsupported",
                    "engine_name": "Alibaba",
                    "engine_update": "20190527",
                    "engine_version": "0.3.0.5",
                    "method": "blacklist",
                    "result": null
                },
                "Antiy-AVL": {
                    "category": "undetected",
                    "engine_name": "Antiy-AVL",
                    "engine_update": "20201210",
                    "engine_version": "3.0.0.1",
                    "method": "blacklist",
                    "result": null
                },
                "Arcabit": {
                    "category": "undetected",
                    "engine_name": "Arcabit",
                    "engine_update": "20201209",
                    "engine_version": "1.0.0.881",
                    "method": "blacklist",
                    "result": null
                },
                "Avast": {
                    "category": "undetected",
                    "engine_name": "Avast",
                    "engine_update": "20201209",
                    "engine_version": "21.1.5827.0",
                    "method": "blacklist",
                    "result": null
                },
                "Avast-Mobile": {
                    "category": "type-unsupported",
                    "engine_name": "Avast-Mobile",
                    "engine_update": "20201209",
                    "engine_version": "201209-00",
                    "method": "blacklist",
                    "result": null
                },
                "Avira": {
                    "category": "undetected",
                    "engine_name": "Avira",
                    "engine_update": "20201210",
                    "engine_version": "8.3.3.10",
                    "method": "blacklist",
                    "result": null
                },
                "Baidu": {
                    "category": "undetected",
                    "engine_name": "Baidu",
                    "engine_update": "20190318",
                    "engine_version": "1.0.0.2",
                    "method": "blacklist",
                    "result": null
                },
                "BitDefender": {
                    "category": "undetected",
                    "engine_name": "BitDefender",
                    "engine_update": "20201210",
                    "engine_version": "7.2",
                    "method": "blacklist",
                    "result": null
                },
                "BitDefenderFalx": {
                    "category": "type-unsupported",
                    "engine_name": "BitDefenderFalx",
                    "engine_update": "20200916",
                    "engine_version": "2.0.936",
                    "method": "blacklist",
                    "result": null
                },
                "BitDefenderTheta": {
                    "category": "undetected",
                    "engine_name": "BitDefenderTheta",
                    "engine_update": "20201202",
                    "engine_version": "7.2.37796.0",
                    "method": "blacklist",
                    "result": null
                },
                "Bkav": {
                    "category": "undetected",
                    "engine_name": "Bkav",
                    "engine_update": "20201209",
                    "engine_version": "1.3.0.9899",
                    "method": "blacklist",
                    "result": null
                },
                "CAT-QuickHeal": {
                    "category": "undetected",
                    "engine_name": "CAT-QuickHeal",
                    "engine_update": "20201210",
                    "engine_version": "14.00",
                    "method": "blacklist",
                    "result": null
                },
                "CMC": {
                    "category": "undetected",
                    "engine_name": "CMC",
                    "engine_update": "20201204",
                    "engine_version": "2.10.2019.1",
                    "method": "blacklist",
                    "result": null
                },
                "ClamAV": {
                    "category": "undetected",
                    "engine_name": "ClamAV",
                    "engine_update": "20201209",
                    "engine_version": "0.102.3.0",
                    "method": "blacklist",
                    "result": null
                },
                "Comodo": {
                    "category": "undetected",
                    "engine_name": "Comodo",
                    "engine_update": "20201209",
                    "engine_version": "33063",
                    "method": "blacklist",
                    "result": null
                },
                "CrowdStrike": {
                    "category": "type-unsupported",
                    "engine_name": "CrowdStrike",
                    "engine_update": "20180202",
                    "engine_version": "1.0",
                    "method": "blacklist",
                    "result": null
                },
                "Cybereason": {
                    "category": "type-unsupported",
                    "engine_name": "Cybereason",
                    "engine_update": "20180308",
                    "engine_version": null,
                    "method": "blacklist",
                    "result": null
                },
                "Cylance": {
                    "category": "undetected",
                    "engine_name": "Cylance",
                    "engine_update": "20201210",
                    "engine_version": "2.3.1.101",
                    "method": "blacklist",
                    "result": null
                },
                "Cynet": {
                    "category": "undetected",
                    "engine_name": "Cynet",
                    "engine_update": "20201210",
                    "engine_version": "4.0.0.24",
                    "method": "blacklist",
                    "result": null
                },
                "Cyren": {
                    "category": "undetected",
                    "engine_name": "Cyren",
                    "engine_update": "20201210",
                    "engine_version": "6.3.0.2",
                    "method": "blacklist",
                    "result": null
                },
                "DrWeb": {
                    "category": "undetected",
                    "engine_name": "DrWeb",
                    "engine_update": "20201210",
                    "engine_version": "7.0.49.9080",
                    "method": "blacklist",
                    "result": null
                },
                "ESET-NOD32": {
                    "category": "undetected",
                    "engine_name": "ESET-NOD32",
                    "engine_update": "20201209",
                    "engine_version": "22456",
                    "method": "blacklist",
                    "result": null
                },
                "Elastic": {
                    "category": "type-unsupported",
                    "engine_name": "Elastic",
                    "engine_update": "20201204",
                    "engine_version": "4.0.13",
                    "method": "blacklist",
                    "result": null
                },
                "Emsisoft": {
                    "category": "undetected",
                    "engine_name": "Emsisoft",
                    "engine_update": "20201209",
                    "engine_version": "2018.12.0.1641",
                    "method": "blacklist",
                    "result": null
                },
                "F-Secure": {
                    "category": "undetected",
                    "engine_name": "F-Secure",
                    "engine_update": "20201210",
                    "engine_version": "12.0.86.52",
                    "method": "blacklist",
                    "result": null
                },
                "FireEye": {
                    "category": "undetected",
                    "engine_name": "FireEye",
                    "engine_update": "20201210",
                    "engine_version": "32.36.1.0",
                    "method": "blacklist",
                    "result": null
                },
                "Fortinet": {
                    "category": "undetected",
                    "engine_name": "Fortinet",
                    "engine_update": "20201210",
                    "engine_version": "6.2.142.0",
                    "method": "blacklist",
                    "result": null
                },
                "GData": {
                    "category": "undetected",
                    "engine_name": "GData",
                    "engine_update": "20201210",
                    "engine_version": "A:25.27951B:27.21171",
                    "method": "blacklist",
                    "result": null
                },
                "Gridinsoft": {
                    "category": "undetected",
                    "engine_name": "Gridinsoft",
                    "engine_update": "20201210",
                    "engine_version": "1.0.20.110",
                    "method": "blacklist",
                    "result": null
                },
                "Ikarus": {
                    "category": "undetected",
                    "engine_name": "Ikarus",
                    "engine_update": "20201209",
                    "engine_version": "0.1.5.2",
                    "method": "blacklist",
                    "result": null
                },
                "Jiangmin": {
                    "category": "undetected",
                    "engine_name": "Jiangmin",
                    "engine_update": "20201209",
                    "engine_version": "16.0.100",
                    "method": "blacklist",
                    "result": null
                },
                "K7AntiVirus": {
                    "category": "undetected",
                    "engine_name": "K7AntiVirus",
                    "engine_update": "20201209",
                    "engine_version": "11.155.35929",
                    "method": "blacklist",
                    "result": null
                },
                "K7GW": {
                    "category": "undetected",
                    "engine_name": "K7GW",
                    "engine_update": "20201210",
                    "engine_version": "11.155.35931",
                    "method": "blacklist",
                    "result": null
                },
                "Kaspersky": {
                    "category": "undetected",
                    "engine_name": "Kaspersky",
                    "engine_update": "20201210",
                    "engine_version": "15.0.1.13",
                    "method": "blacklist",
                    "result": null
                },
                "Kingsoft": {
                    "category": "undetected",
                    "engine_name": "Kingsoft",
                    "engine_update": "20201210",
                    "engine_version": "2017.9.26.565",
                    "method": "blacklist",
                    "result": null
                },
                "MAX": {
                    "category": "undetected",
                    "engine_name": "MAX",
                    "engine_update": "20201210",
                    "engine_version": "2019.9.16.1",
                    "method": "blacklist",
                    "result": null
                },
                "Malwarebytes": {
                    "category": "undetected",
                    "engine_name": "Malwarebytes",
                    "engine_update": "20201210",
                    "engine_version": "3.6.4.335",
                    "method": "blacklist",
                    "result": null
                },
                "MaxSecure": {
                    "category": "undetected",
                    "engine_name": "MaxSecure",
                    "engine_update": "20201208",
                    "engine_version": "1.0.0.1",
                    "method": "blacklist",
                    "result": null
                },
                "McAfee": {
                    "category": "undetected",
                    "engine_name": "McAfee",
                    "engine_update": "20201210",
                    "engine_version": "6.0.6.653",
                    "method": "blacklist",
                    "result": null
                },
                "McAfee-GW-Edition": {
                    "category": "undetected",
                    "engine_name": "McAfee-GW-Edition",
                    "engine_update": "20201210",
                    "engine_version": "v2019.1.2+3728",
                    "method": "blacklist",
                    "result": null
                },
                "MicroWorld-eScan": {
                    "category": "undetected",
                    "engine_name": "MicroWorld-eScan",
                    "engine_update": "20201210",
                    "engine_version": "14.0.409.0",
                    "method": "blacklist",
                    "result": null
                },
                "Microsoft": {
                    "category": "undetected",
                    "engine_name": "Microsoft",
                    "engine_update": "20201209",
                    "engine_version": "1.1.17700.4",
                    "method": "blacklist",
                    "result": null
                },
                "NANO-Antivirus": {
                    "category": "undetected",
                    "engine_name": "NANO-Antivirus",
                    "engine_update": "20201209",
                    "engine_version": "1.0.146.25241",
                    "method": "blacklist",
                    "result": null
                },
                "Paloalto": {
                    "category": "type-unsupported",
                    "engine_name": "Paloalto",
                    "engine_update": "20201210",
                    "engine_version": "1.0",
                    "method": "blacklist",
                    "result": null
                },
                "Panda": {
                    "category": "undetected",
                    "engine_name": "Panda",
                    "engine_update": "20201209",
                    "engine_version": "4.6.4.2",
                    "method": "blacklist",
                    "result": null
                },
                "Qihoo-360": {
                    "category": "undetected",
                    "engine_name": "Qihoo-360",
                    "engine_update": "20201210",
                    "engine_version": "1.0.0.1120",
                    "method": "blacklist",
                    "result": null
                },
                "Rising": {
                    "category": "undetected",
                    "engine_name": "Rising",
                    "engine_update": "20201209",
                    "engine_version": "25.0.0.26",
                    "method": "blacklist",
                    "result": null
                },
                "SUPERAntiSpyware": {
                    "category": "undetected",
                    "engine_name": "SUPERAntiSpyware",
                    "engine_update": "20201204",
                    "engine_version": "5.6.0.1032",
                    "method": "blacklist",
                    "result": null
                },
                "Sangfor": {
                    "category": "undetected",
                    "engine_name": "Sangfor",
                    "engine_update": "20201207",
                    "engine_version": "1.0",
                    "method": "blacklist",
                    "result": null
                },
                "SentinelOne": {
                    "category": "type-unsupported",
                    "engine_name": "SentinelOne",
                    "engine_update": "20201129",
                    "engine_version": "4.7.0.15",
                    "method": "blacklist",
                    "result": null
                },
                "Sophos": {
                    "category": "undetected",
                    "engine_name": "Sophos",
                    "engine_update": "20201209",
                    "engine_version": "1.0.2.0",
                    "method": "blacklist",
                    "result": null
                },
                "Symantec": {
                    "category": "undetected",
                    "engine_name": "Symantec",
                    "engine_update": "20201209",
                    "engine_version": "1.13.0.0",
                    "method": "blacklist",
                    "result": null
                },
                "SymantecMobileInsight": {
                    "category": "type-unsupported",
                    "engine_name": "SymantecMobileInsight",
                    "engine_update": "20200813",
                    "engine_version": "2.0",
                    "method": "blacklist",
                    "result": null
                },
                "TACHYON": {
                    "category": "undetected",
                    "engine_name": "TACHYON",
                    "engine_update": "20201210",
                    "engine_version": "2020-12-10.01",
                    "method": "blacklist",
                    "result": null
                },
                "Tencent": {
                    "category": "undetected",
                    "engine_name": "Tencent",
                    "engine_update": "20201210",
                    "engine_version": "1.0.0.1",
                    "method": "blacklist",
                    "result": null
                },
                "TotalDefense": {
                    "category": "undetected",
                    "engine_name": "TotalDefense",
                    "engine_update": "20201209",
                    "engine_version": "37.1.62.1",
                    "method": "blacklist",
                    "result": null
                },
                "Trapmine": {
                    "category": "type-unsupported",
                    "engine_name": "Trapmine",
                    "engine_update": "20200727",
                    "engine_version": "3.5.0.1023",
                    "method": "blacklist",
                    "result": null
                },
                "TrendMicro": {
                    "category": "undetected",
                    "engine_name": "TrendMicro",
                    "engine_update": "20201210",
                    "engine_version": "11.0.0.1006",
                    "method": "blacklist",
                    "result": null
                },
                "TrendMicro-HouseCall": {
                    "category": "undetected",
                    "engine_name": "TrendMicro-HouseCall",
                    "engine_update": "20201210",
                    "engine_version": "10.0.0.1040",
                    "method": "blacklist",
                    "result": null
                },
                "Trustlook": {
                    "category": "type-unsupported",
                    "engine_name": "Trustlook",
                    "engine_update": "20201210",
                    "engine_version": "1.0",
                    "method": "blacklist",
                    "result": null
                },
                "VBA32": {
                    "category": "undetected",
                    "engine_name": "VBA32",
                    "engine_update": "20201209",
                    "engine_version": "4.4.1",
                    "method": "blacklist",
                    "result": null
                },
                "VIPRE": {
                    "category": "undetected",
                    "engine_name": "VIPRE",
                    "engine_update": "20201210",
                    "engine_version": "88814",
                    "method": "blacklist",
                    "result": null
                },
                "ViRobot": {
                    "category": "undetected",
                    "engine_name": "ViRobot",
                    "engine_update": "20201209",
                    "engine_version": "2014.3.20.0",
                    "method": "blacklist",
                    "result": null
                },
                "Webroot": {
                    "category": "type-unsupported",
                    "engine_name": "Webroot",
                    "engine_update": "20201210",
                    "engine_version": "1.0.0.403",
                    "method": "blacklist",
                    "result": null
                },
                "Yandex": {
                    "category": "undetected",
                    "engine_name": "Yandex",
                    "engine_update": "20201208",
                    "engine_version": "5.5.2.24",
                    "method": "blacklist",
                    "result": null
                },
                "Zillya": {
                    "category": "undetected",
                    "engine_name": "Zillya",
                    "engine_update": "20201209",
                    "engine_version": "2.0.0.4241",
                    "method": "blacklist",
                    "result": null
                },
                "ZoneAlarm": {
                    "category": "undetected",
                    "engine_name": "ZoneAlarm",
                    "engine_update": "20201210",
                    "engine_version": "1.0",
                    "method": "blacklist",
                    "result": null
                },
                "Zoner": {
                    "category": "undetected",
                    "engine_name": "Zoner",
                    "engine_update": "20201209",
                    "engine_version": "0.0.0.0",
                    "method": "blacklist",
                    "result": null
                },
                "eGambit": {
                    "category": "type-unsupported",
                    "engine_name": "eGambit",
                    "engine_update": "20201210",
                    "engine_version": null,
                    "method": "blacklist",
                    "result": null
                }
            },
            "last_analysis_stats": {
                "confirmed-timeout": 0,
                "failure": 0,
                "harmless": 0,
                "malicious": 0,
                "suspicious": 0,
                "timeout": 0,
                "type-unsupported": 14,
                "undetected": 62
            },
            "last_modification_date": 1607592677,
            "last_submission_date": 1566454756,
            "magic": "PDF document, version 1.5",
            "md5": "b87875732c6b642c25ad396f79b77427",
            "meaningful_name": "analyzing-malicious-document-files.pdf",
            "names": [
                "analyzing-malicious-document-files.pdf",
                "malicious docs.pdf"
            ],
            "pdf_info": {
                "acroform": 0,
                "autoaction": 0,
                "embedded_file": 0,
                "encrypted": 0,
                "flash": 0,
                "header": "%PDF-1.5",
                "javascript": 0,
                "jbig2_compression": 0,
                "js": 0,
                "num_endobj": 83,
                "num_endstream": 11,
                "num_launch_actions": 0,
                "num_obj": 83,
                "num_object_streams": 1,
                "num_pages": 1,
                "num_stream": 12,
                "openaction": 1,
                "startxref": 3,
                "suspicious_colors": 0,
                "trailer": 3,
                "xfa": 0,
                "xref": 3
            },
            "reputation": 0,
            "sha1": "d00a6a365791214436505eadf7cd12119aef83e2",
            "sha256": "41ecae2658de6352d060bea1d5aab4123786df698dd8c44df9898d0296f88c0a",
            "size": 592622,
            "ssdeep": "12288:4TXuVzmcif+05m9Y64Di3uLEN56YaeDdkHBvH/+EfAQWCYwtLsNtmu3ZVH:4TXuVicif+oEELKagdURZfqGtwd5",
            "tags": [
                "pdf",
                "autoaction",
                "direct-cpu-clock-access",
                "checks-user-input",
                "checks-network-adapters",
                "detect-debug-environment",
                "long-sleeps",
                "runtime-modules"
            ],
            "times_submitted": 5,
            "tlsh": "T1FDC4125168892DDEC39657D5235F7D4CFAAEB233B1C1A3513A5CCB03936193AA81338B",
            "total_votes": {
                "harmless": 0,
                "malicious": 0
            },
            "trid": [
                {
                    "file_type": "Adobe Portable Document Format",
                    "probability": 100.0
                }
            ],
            "type_description": "PDF",
            "type_extension": "pdf",
            "type_tag": "pdf",
            "unique_sources": 4,
            "vhash": "9e859dc0e72de3629d33ed25d7943b830"
        },
        "id": "41ecae2658de6352d060bea1d5aab4123786df698dd8c44df9898d0296f88c0a",
        "links": {
            "self": "https://www.virustotal.com/api/v3/files/41ecae2658de6352d060bea1d5aab4123786df698dd8c44df9898d0296f88c0a"
        },
        "type": "file"
    }
}